[35m[Appium][39m Welcome to Appium v1.22.1
[35m[Appium][39m Non-default server args:
[35m[Appium][39m   port: 49941
[35m[Appium][39m   loglevel: info
[35m[Appium][39m   tmpDir: C:\Users\ardia\AppData\Local\Temp\\Katalon\Appium\Temp1638935398708
[35m[Appium][39m   chromedriverPort: 49942
[35m[Appium][39m Deprecated server args:
[35m[Appium][39m   [31m--chromedriver-port[39m => --default-capabilities
[35m[Appium][39m Default capabilities, which will be added to each request unless overridden by desired capabilities:
[35m[Appium][39m   chromedriverPort: 49942
[35m[Appium][39m Appium REST http interface listener started on 0.0.0.0:49941
[35m[HTTP][39m [37m-->[39m [37mGET[39m [37m/wd/hub/status[39m
[35m[HTTP][39m [90m{}[39m
[35m[HTTP][39m [37m<-- GET /wd/hub/status [39m[32m200[39m [90m8 ms - 68[39m
[35m[HTTP][39m [90m[39m
[35m[HTTP][39m [37m-->[39m [37mGET[39m [37m/wd/hub/status[39m
[35m[HTTP][39m [90m{}[39m
[35m[HTTP][39m [37m<-- GET /wd/hub/status [39m[32m200[39m [90m1 ms - 68[39m
[35m[HTTP][39m [90m[39m
[35m[HTTP][39m [37m-->[39m [37mPOST[39m [37m/wd/hub/session[39m
[35m[HTTP][39m [90m{"desiredCapabilities":{"app":"C:\\Users\\ardia\\Katalon Studio\\TestingMobile\\androidapp\\APIDemos.apk","noReset":true,"deviceName":"Xiaomi Redmi Note 7 (Android 9)","fullReset":false,"platform":"ANDROID","newCommandTimeout":1800,"platformVersion":"9","automationName":"uiautomator2","autoGrantPermissions":true,"platformName":"Android","udid":"192.168.0.113:5555","systemPort":49949},"capabilities":{"firstMatch":[{"appium:app":"C:\\Users\\ardia\\Katalon Studio\\TestingMobile\\androidapp\\APIDemos.apk","appium:autoGrantPermissions":true,"appium:automationName":"uiautomator2","appium:deviceName":"Xiaomi Redmi Note 7 (Android 9)","appium:fullReset":false,"appium:newCommandTimeout":1800,"appium:noReset":true,"platform":"ANDROID","platformName":"android","appium:platformVersion":"9","appium:systemPort":49949,"appium:udid":"192.168.0.113:5555"}]}}[39m
[35m[BaseDriver][39m The following capabilities are not standard capabilities and should have an extension prefix:
[35m[BaseDriver][39m   platform
[35m[BaseDriver][39m   chromedriverPort
[35m[Appium][39m Appium v1.22.1 creating new AndroidUiautomator2Driver (v1.70.1) session
[35m[BaseDriver][39m The following capabilities were provided, but are not recognized by Appium:
[35m[BaseDriver][39m   platform
[35m[BaseDriver][39m Session created with session id: a186ec44-0516-4e0a-a55f-6d6003fabc24
[35m[BaseDriver][39m Using local app 'C:\Users\ardia\Katalon Studio\TestingMobile\androidapp\APIDemos.apk'
[35m[ADB][39m Found 1 'build-tools' folders under 'C:\Users\ardia\.katalon\tools\android_sdk' (newest first):
[35m[ADB][39m     C:/Users/ardia/.katalon/tools/android_sdk/build-tools/29.0.3
[35m[ADB][39m Using 'adb.exe' from 'C:\Users\ardia\.katalon\tools\android_sdk\platform-tools\adb.exe'
[35m[AndroidDriver][39m Retrieving device list
[35m[AndroidDriver][39m Using device: 192.168.0.113:5555
[35m[ADB][39m Using 'adb.exe' from 'C:\Users\ardia\.katalon\tools\android_sdk\platform-tools\adb.exe'
[35m[ADB][39m Getting device platform version
[35m[UiAutomator2][39m Relaxing hidden api policy
[35m[ADB][39m Package name: 'com.hmh.api'
[35m[ADB][39m Main activity name: 'com.hmh.api.ApiDemos'
[35m[ADB][39m Using 'apksigner.jar' from 'C:\Users\ardia\.katalon\tools\android_sdk\build-tools\29.0.3\lib\apksigner.jar'
[35m[ADB][39m 'C:\Users\ardia\AppData\Roaming\npm\node_modules\appium\node_modules\appium-uiautomator2-server\apks\appium-uiautomator2-server-v4.27.0.apk' is signed with the default certificate
[35m[ADB][39m 'C:\Users\ardia\AppData\Roaming\npm\node_modules\appium\node_modules\appium-uiautomator2-server\apks\appium-uiautomator2-server-debug-androidTest.apk' is signed with the default certificate
[35m[UiAutomator2][39m Server packages are not going to be (re)installed
[35m[ADB][39m Adding packages ["io.appium.settings","io.appium.uiautomator2.server","io.appium.uiautomator2.server.test"] to Doze whitelist
[35m[ADB][39m 'C:\Users\ardia\Katalon Studio\TestingMobile\androidapp\APIDemos.apk' is signed with the default certificate
[35m[ADB][39m The application at 'C:\Users\ardia\Katalon Studio\TestingMobile\androidapp\APIDemos.apk' will not be cached, because the device under test has confirmed the support of streamed installs
[35m[ADB][39m The installation of 'APIDemos.apk' took 8805ms
[35m[UiAutomator2][39m Starting UIAutomator2 server 4.27.0
[35m[UiAutomator2][39m Using UIAutomator2 server from 'C:\Users\ardia\AppData\Roaming\npm\node_modules\appium\node_modules\appium-uiautomator2-server\apks\appium-uiautomator2-server-v4.27.0.apk' and test from 'C:\Users\ardia\AppData\Roaming\npm\node_modules\appium\node_modules\appium-uiautomator2-server\apks\appium-uiautomator2-server-debug-androidTest.apk'
[35m[UiAutomator2][39m Waiting up to 30000ms for UiAutomator2 to be online...
[35m[WD Proxy][39m socket hang up
[35m[WD Proxy][39m socket hang up
[35m[WD Proxy][39m socket hang up
[35m[WD Proxy][39m socket hang up
[35m[WD Proxy][39m socket hang up
[35m[WD Proxy][39m Determined the downstream protocol as 'W3C'
[35m[AndroidDriver][39m Screen already unlocked, doing nothing
[35m[UiAutomator2][39m Starting 'com.hmh.api/com.hmh.api.ApiDemos and waiting for 'com.hmh.api/com.hmh.api.ApiDemos'
[35m[Appium][39m New AndroidUiautomator2Driver session created successfully, session a186ec44-0516-4e0a-a55f-6d6003fabc24 added to master session list
[35m[HTTP][39m [37m<-- POST /wd/hub/session [39m[32m200[39m [90m22194 ms - 1323[39m
[35m[HTTP][39m [90m[39m
[35m[HTTP][39m [37m-->[39m [37mGET[39m [37m/wd/hub/session/a186ec44-0516-4e0a-a55f-6d6003fabc24[39m
[35m[HTTP][39m [90m{}[39m
[35m[HTTP][39m [37m<-- GET /wd/hub/session/a186ec44-0516-4e0a-a55f-6d6003fabc24 [39m[32m200[39m [90m42 ms - 1277[39m
[35m[HTTP][39m [90m[39m
[35m[HTTP][39m [37m-->[39m [37mGET[39m [37m/wd/hub/session/a186ec44-0516-4e0a-a55f-6d6003fabc24[39m
[35m[HTTP][39m [90m{}[39m
[35m[HTTP][39m [37m<-- GET /wd/hub/session/a186ec44-0516-4e0a-a55f-6d6003fabc24 [39m[32m200[39m [90m36 ms - 1277[39m
[35m[HTTP][39m [90m[39m
[35m[HTTP][39m [37m-->[39m [37mGET[39m [37m/wd/hub/status[39m
[35m[HTTP][39m [90m{}[39m
[35m[HTTP][39m [37m<-- GET /wd/hub/status [39m[32m200[39m [90m2 ms - 68[39m
[35m[HTTP][39m [90m[39m
[35m[HTTP][39m [37m-->[39m [37mPOST[39m [37m/wd/hub/session/a186ec44-0516-4e0a-a55f-6d6003fabc24/timeouts[39m
[35m[HTTP][39m [90m{"implicit":60000}[39m
[35m[HTTP][39m [37m<-- POST /wd/hub/session/a186ec44-0516-4e0a-a55f-6d6003fabc24/timeouts [39m[32m200[39m [90m7 ms - 14[39m
[35m[HTTP][39m [90m[39m
[35m[HTTP][39m [37m-->[39m [37mGET[39m [37m/wd/hub/session/a186ec44-0516-4e0a-a55f-6d6003fabc24/source[39m
[35m[HTTP][39m [90m{}[39m
[35m[W3C (a186ec44)][39m Driver proxy active, passing request on via HTTP proxy
[35m[WD Proxy][39m Replacing sessionId 8d1c82b8-c045-45f4-83dc-e0cc18205947 with a186ec44-0516-4e0a-a55f-6d6003fabc24
[35m[HTTP][39m [37m<-- GET /wd/hub/session/a186ec44-0516-4e0a-a55f-6d6003fabc24/source [39m[32m200[39m [90m208 ms - 7196[39m
[35m[HTTP][39m [90m[39m
[35m[HTTP][39m [37m-->[39m [37mGET[39m [37m/wd/hub/session/a186ec44-0516-4e0a-a55f-6d6003fabc24/screenshot[39m
[35m[HTTP][39m [90m{}[39m
[35m[HTTP][39m [37m<-- GET /wd/hub/session/a186ec44-0516-4e0a-a55f-6d6003fabc24/screenshot [39m[32m200[39m [90m827 ms - 156678[39m
[35m[HTTP][39m [90m[39m
[35m[HTTP][39m [37m-->[39m [37mPOST[39m [37m/wd/hub/session/a186ec44-0516-4e0a-a55f-6d6003fabc24/elements[39m
[35m[HTTP][39m [90m{"using":"xpath","value":"//*[@class = 'android.widget.Button' and (@text = 'OKE' or . = 'OKE') and @resource-id = 'android:id/button1']"}[39m
[35m[HTTP][39m [37m<-- POST /wd/hub/session/a186ec44-0516-4e0a-a55f-6d6003fabc24/elements [39m[32m200[39m [90m1512 ms - 139[39m
[35m[HTTP][39m [90m[39m
[35m[HTTP][39m [37m-->[39m [37mGET[39m [37m/wd/hub/session/a186ec44-0516-4e0a-a55f-6d6003fabc24/window/rect[39m
[35m[HTTP][39m [90m{}[39m
[35m[HTTP][39m [37m<-- GET /wd/hub/session/a186ec44-0516-4e0a-a55f-6d6003fabc24/window/rect [39m[32m200[39m [90m31 ms - 50[39m
[35m[HTTP][39m [90m[39m
[35m[HTTP][39m [37m-->[39m [37mPOST[39m [37m/wd/hub/session/a186ec44-0516-4e0a-a55f-6d6003fabc24/elements[39m
[35m[HTTP][39m [90m{"using":"xpath","value":"//*[@class = 'android.widget.Button' and (@text = 'OKE' or . = 'OKE') and @resource-id = 'android:id/button1']"}[39m
[35m[HTTP][39m [37m<-- POST /wd/hub/session/a186ec44-0516-4e0a-a55f-6d6003fabc24/elements [39m[32m200[39m [90m210 ms - 139[39m
[35m[HTTP][39m [90m[39m
[35m[HTTP][39m [37m-->[39m [37mGET[39m [37m/wd/hub/session/a186ec44-0516-4e0a-a55f-6d6003fabc24/element/00000000-0000-2801-ffff-ffff00000090/location[39m
[35m[HTTP][39m [90m{}[39m
[35m[W3C (a186ec44)][39m Driver proxy active, passing request on via HTTP proxy
[35m[WD Proxy][39m Replacing sessionId 8d1c82b8-c045-45f4-83dc-e0cc18205947 with a186ec44-0516-4e0a-a55f-6d6003fabc24
[35m[HTTP][39m [37m<-- GET /wd/hub/session/a186ec44-0516-4e0a-a55f-6d6003fabc24/element/00000000-0000-2801-ffff-ffff00000090/location [39m[32m200[39m [90m46 ms - 79[39m
[35m[HTTP][39m [90m[39m
[35m[HTTP][39m [37m-->[39m [37mPOST[39m [37m/wd/hub/session/a186ec44-0516-4e0a-a55f-6d6003fabc24/touch/perform[39m
[35m[HTTP][39m [90m{"actions":[{"action":"tap","options":{"x":1,"y":1,"element":"00000000-0000-2801-ffff-ffff00000090"}}]}[39m
[35m[UiAutomator2][39m calling get location: 00000000-0000-2801-ffff-ffff00000090
[35m[HTTP][39m [37m<-- POST /wd/hub/session/a186ec44-0516-4e0a-a55f-6d6003fabc24/touch/perform [39m[32m200[39m [90m203 ms - 14[39m
[35m[HTTP][39m [90m[39m
[35m[HTTP][39m [37m-->[39m [37mGET[39m [37m/wd/hub/session/a186ec44-0516-4e0a-a55f-6d6003fabc24/source[39m
[35m[HTTP][39m [90m{}[39m
[35m[W3C (a186ec44)][39m Driver proxy active, passing request on via HTTP proxy
[35m[WD Proxy][39m Replacing sessionId 8d1c82b8-c045-45f4-83dc-e0cc18205947 with a186ec44-0516-4e0a-a55f-6d6003fabc24
[35m[HTTP][39m [37m<-- GET /wd/hub/session/a186ec44-0516-4e0a-a55f-6d6003fabc24/source [39m[32m200[39m [90m137 ms - 7817[39m
[35m[HTTP][39m [90m[39m
[35m[HTTP][39m [37m-->[39m [37mGET[39m [37m/wd/hub/session/a186ec44-0516-4e0a-a55f-6d6003fabc24/screenshot[39m
[35m[HTTP][39m [90m{}[39m
[35m[HTTP][39m [37m<-- GET /wd/hub/session/a186ec44-0516-4e0a-a55f-6d6003fabc24/screenshot [39m[32m200[39m [90m1048 ms - 129436[39m
[35m[HTTP][39m [90m[39m
[35m[HTTP][39m [37m-->[39m [37mGET[39m [37m/wd/hub/session/a186ec44-0516-4e0a-a55f-6d6003fabc24/source[39m
[35m[HTTP][39m [90m{}[39m
[35m[W3C (a186ec44)][39m Driver proxy active, passing request on via HTTP proxy
[35m[WD Proxy][39m Replacing sessionId 8d1c82b8-c045-45f4-83dc-e0cc18205947 with a186ec44-0516-4e0a-a55f-6d6003fabc24
[35m[HTTP][39m [37m<-- GET /wd/hub/session/a186ec44-0516-4e0a-a55f-6d6003fabc24/source [39m[32m200[39m [90m141 ms - 7652[39m
[35m[HTTP][39m [90m[39m
[35m[HTTP][39m [37m-->[39m [37mGET[39m [37m/wd/hub/session/a186ec44-0516-4e0a-a55f-6d6003fabc24/screenshot[39m
[35m[HTTP][39m [90m{}[39m
[35m[HTTP][39m [37m<-- GET /wd/hub/session/a186ec44-0516-4e0a-a55f-6d6003fabc24/screenshot [39m[32m200[39m [90m787 ms - 103064[39m
[35m[HTTP][39m [90m[39m
[35m[HTTP][39m [37m-->[39m [37mPOST[39m [37m/wd/hub/session/a186ec44-0516-4e0a-a55f-6d6003fabc24/elements[39m
[35m[HTTP][39m [90m{"using":"xpath","value":"//*[@class = 'android.widget.TextView' and (@text = 'Accessibility' or . = 'Accessibility') and @resource-id = 'android:id/text1']"}[39m
[35m[HTTP][39m [37m<-- POST /wd/hub/session/a186ec44-0516-4e0a-a55f-6d6003fabc24/elements [39m[32m200[39m [90m227 ms - 139[39m
[35m[HTTP][39m [90m[39m
[35m[HTTP][39m [37m-->[39m [37mGET[39m [37m/wd/hub/session/a186ec44-0516-4e0a-a55f-6d6003fabc24/window/rect[39m
[35m[HTTP][39m [90m{}[39m
[35m[HTTP][39m [37m<-- GET /wd/hub/session/a186ec44-0516-4e0a-a55f-6d6003fabc24/window/rect [39m[32m200[39m [90m35 ms - 50[39m
[35m[HTTP][39m [90m[39m
[35m[HTTP][39m [37m-->[39m [37mPOST[39m [37m/wd/hub/session/a186ec44-0516-4e0a-a55f-6d6003fabc24/elements[39m
[35m[HTTP][39m [90m{"using":"xpath","value":"//*[@class = 'android.widget.TextView' and (@text = 'Accessibility' or . = 'Accessibility') and @resource-id = 'android:id/text1']"}[39m
[35m[HTTP][39m [37m<-- POST /wd/hub/session/a186ec44-0516-4e0a-a55f-6d6003fabc24/elements [39m[32m200[39m [90m155 ms - 139[39m
[35m[HTTP][39m [90m[39m
[35m[HTTP][39m [37m-->[39m [37mGET[39m [37m/wd/hub/session/a186ec44-0516-4e0a-a55f-6d6003fabc24/element/00000000-0000-2802-ffff-ffff00000007/location[39m
[35m[HTTP][39m [90m{}[39m
[35m[W3C (a186ec44)][39m Driver proxy active, passing request on via HTTP proxy
[35m[WD Proxy][39m Replacing sessionId 8d1c82b8-c045-45f4-83dc-e0cc18205947 with a186ec44-0516-4e0a-a55f-6d6003fabc24
[35m[HTTP][39m [37m<-- GET /wd/hub/session/a186ec44-0516-4e0a-a55f-6d6003fabc24/element/00000000-0000-2802-ffff-ffff00000007/location [39m[32m200[39m [90m34 ms - 76[39m
[35m[HTTP][39m [90m[39m
[35m[HTTP][39m [37m-->[39m [37mPOST[39m [37m/wd/hub/session/a186ec44-0516-4e0a-a55f-6d6003fabc24/touch/perform[39m
[35m[HTTP][39m [90m{"actions":[{"action":"tap","options":{"x":1,"y":1,"element":"00000000-0000-2802-ffff-ffff00000007"}}]}[39m
[35m[UiAutomator2][39m calling get location: 00000000-0000-2802-ffff-ffff00000007
[35m[HTTP][39m [37m<-- POST /wd/hub/session/a186ec44-0516-4e0a-a55f-6d6003fabc24/touch/perform [39m[32m200[39m [90m1018 ms - 14[39m
[35m[HTTP][39m [90m[39m
[35m[HTTP][39m [37m-->[39m [37mGET[39m [37m/wd/hub/session/a186ec44-0516-4e0a-a55f-6d6003fabc24/source[39m
[35m[HTTP][39m [90m{}[39m
[35m[W3C (a186ec44)][39m Driver proxy active, passing request on via HTTP proxy
[35m[WD Proxy][39m Replacing sessionId 8d1c82b8-c045-45f4-83dc-e0cc18205947 with a186ec44-0516-4e0a-a55f-6d6003fabc24
[35m[HTTP][39m [37m<-- GET /wd/hub/session/a186ec44-0516-4e0a-a55f-6d6003fabc24/source [39m[32m200[39m [90m76 ms - 4037[39m
[35m[HTTP][39m [90m[39m
[35m[HTTP][39m [37m-->[39m [37mGET[39m [37m/wd/hub/session/a186ec44-0516-4e0a-a55f-6d6003fabc24/screenshot[39m
[35m[HTTP][39m [90m{}[39m
[35m[HTTP][39m [37m<-- GET /wd/hub/session/a186ec44-0516-4e0a-a55f-6d6003fabc24/screenshot [39m[32m200[39m [90m699 ms - 75456[39m
[35m[HTTP][39m [90m[39m
[35m[HTTP][39m [37m-->[39m [37mPOST[39m [37m/wd/hub/session/a186ec44-0516-4e0a-a55f-6d6003fabc24/elements[39m
[35m[HTTP][39m [90m{"using":"xpath","value":"//*[@class = 'android.widget.TextView' and (@text = 'Accessibility Service' or . = 'Accessibility Service') and @resource-id = 'android:id/text1']"}[39m
[35m[HTTP][39m [37m<-- POST /wd/hub/session/a186ec44-0516-4e0a-a55f-6d6003fabc24/elements [39m[32m200[39m [90m108 ms - 139[39m
[35m[HTTP][39m [90m[39m
[35m[HTTP][39m [37m-->[39m [37mGET[39m [37m/wd/hub/session/a186ec44-0516-4e0a-a55f-6d6003fabc24/window/rect[39m
[35m[HTTP][39m [90m{}[39m
[35m[HTTP][39m [37m<-- GET /wd/hub/session/a186ec44-0516-4e0a-a55f-6d6003fabc24/window/rect [39m[32m200[39m [90m37 ms - 50[39m
[35m[HTTP][39m [90m[39m
[35m[HTTP][39m [37m-->[39m [37mPOST[39m [37m/wd/hub/session/a186ec44-0516-4e0a-a55f-6d6003fabc24/elements[39m
[35m[HTTP][39m [90m{"using":"xpath","value":"//*[@class = 'android.widget.TextView' and (@text = 'Accessibility Service' or . = 'Accessibility Service') and @resource-id = 'android:id/text1']"}[39m
[35m[HTTP][39m [37m<-- POST /wd/hub/session/a186ec44-0516-4e0a-a55f-6d6003fabc24/elements [39m[32m200[39m [90m90 ms - 139[39m
[35m[HTTP][39m [90m[39m
[35m[HTTP][39m [37m-->[39m [37mGET[39m [37m/wd/hub/session/a186ec44-0516-4e0a-a55f-6d6003fabc24/element/00000000-0000-2803-ffff-ffff00000019/location[39m
[35m[HTTP][39m [90m{}[39m
[35m[W3C (a186ec44)][39m Driver proxy active, passing request on via HTTP proxy
[35m[WD Proxy][39m Replacing sessionId 8d1c82b8-c045-45f4-83dc-e0cc18205947 with a186ec44-0516-4e0a-a55f-6d6003fabc24
[35m[HTTP][39m [37m<-- GET /wd/hub/session/a186ec44-0516-4e0a-a55f-6d6003fabc24/element/00000000-0000-2803-ffff-ffff00000019/location [39m[32m200[39m [90m25 ms - 76[39m
[35m[HTTP][39m [90m[39m
[35m[HTTP][39m [37m-->[39m [37mPOST[39m [37m/wd/hub/session/a186ec44-0516-4e0a-a55f-6d6003fabc24/touch/perform[39m
[35m[HTTP][39m [90m{"actions":[{"action":"tap","options":{"x":1,"y":1,"element":"00000000-0000-2803-ffff-ffff00000019"}}]}[39m
[35m[UiAutomator2][39m calling get location: 00000000-0000-2803-ffff-ffff00000019
[35m[HTTP][39m [37m<-- POST /wd/hub/session/a186ec44-0516-4e0a-a55f-6d6003fabc24/touch/perform [39m[32m200[39m [90m997 ms - 14[39m
[35m[HTTP][39m [90m[39m
[35m[HTTP][39m [37m-->[39m [37mGET[39m [37m/wd/hub/session/a186ec44-0516-4e0a-a55f-6d6003fabc24/source[39m
[35m[HTTP][39m [90m{}[39m
[35m[W3C (a186ec44)][39m Driver proxy active, passing request on via HTTP proxy
[35m[WD Proxy][39m Replacing sessionId 8d1c82b8-c045-45f4-83dc-e0cc18205947 with a186ec44-0516-4e0a-a55f-6d6003fabc24
[35m[HTTP][39m [37m<-- GET /wd/hub/session/a186ec44-0516-4e0a-a55f-6d6003fabc24/source [39m[32m200[39m [90m60 ms - 4549[39m
[35m[HTTP][39m [90m[39m
[35m[HTTP][39m [37m-->[39m [37mGET[39m [37m/wd/hub/session/a186ec44-0516-4e0a-a55f-6d6003fabc24/screenshot[39m
[35m[HTTP][39m [90m{}[39m
[35m[HTTP][39m [37m<-- GET /wd/hub/session/a186ec44-0516-4e0a-a55f-6d6003fabc24/screenshot [39m[32m200[39m [90m718 ms - 193556[39m
[35m[HTTP][39m [90m[39m
[35m[HTTP][39m [37m-->[39m [37mGET[39m [37m/wd/hub/session/a186ec44-0516-4e0a-a55f-6d6003fabc24/context[39m
[35m[HTTP][39m [90m{}[39m
[35m[HTTP][39m [37m<-- GET /wd/hub/session/a186ec44-0516-4e0a-a55f-6d6003fabc24/context [39m[32m200[39m [90m2 ms - 22[39m
[35m[HTTP][39m [90m[39m
[35m[HTTP][39m [37m-->[39m [37mGET[39m [37m/wd/hub/session/a186ec44-0516-4e0a-a55f-6d6003fabc24/contexts[39m
[35m[HTTP][39m [90m{}[39m
[35m[HTTP][39m [37m<-- GET /wd/hub/session/a186ec44-0516-4e0a-a55f-6d6003fabc24/contexts [39m[32m200[39m [90m148 ms - 24[39m
[35m[HTTP][39m [90m[39m
[35m[HTTP][39m [37m-->[39m [37mPOST[39m [37m/wd/hub/session/a186ec44-0516-4e0a-a55f-6d6003fabc24/context[39m
[35m[HTTP][39m [90m{"name":"NATIVE_APP"}[39m
[35m[HTTP][39m [37m<-- POST /wd/hub/session/a186ec44-0516-4e0a-a55f-6d6003fabc24/context [39m[32m200[39m [90m2 ms - 14[39m
[35m[HTTP][39m [90m[39m
[35m[HTTP][39m [37m-->[39m [37mPOST[39m [37m/wd/hub/session/a186ec44-0516-4e0a-a55f-6d6003fabc24/appium/device/press_keycode[39m
[35m[HTTP][39m [90m{"keycode":4}[39m
[35m[HTTP][39m [37m<-- POST /wd/hub/session/a186ec44-0516-4e0a-a55f-6d6003fabc24/appium/device/press_keycode [39m[32m200[39m [90m99 ms - 14[39m
[35m[HTTP][39m [90m[39m
[35m[HTTP][39m [37m-->[39m [37mPOST[39m [37m/wd/hub/session/a186ec44-0516-4e0a-a55f-6d6003fabc24/context[39m
[35m[HTTP][39m [90m{"name":"NATIVE_APP"}[39m
[35m[HTTP][39m [37m<-- POST /wd/hub/session/a186ec44-0516-4e0a-a55f-6d6003fabc24/context [39m[32m200[39m [90m2 ms - 14[39m
[35m[HTTP][39m [90m[39m
[35m[HTTP][39m [37m-->[39m [37mGET[39m [37m/wd/hub/session/a186ec44-0516-4e0a-a55f-6d6003fabc24/source[39m
[35m[HTTP][39m [90m{}[39m
[35m[W3C (a186ec44)][39m Driver proxy active, passing request on via HTTP proxy
[35m[WD Proxy][39m Replacing sessionId 8d1c82b8-c045-45f4-83dc-e0cc18205947 with a186ec44-0516-4e0a-a55f-6d6003fabc24
[35m[HTTP][39m [37m<-- GET /wd/hub/session/a186ec44-0516-4e0a-a55f-6d6003fabc24/source [39m[32m200[39m [90m100 ms - 4037[39m
[35m[HTTP][39m [90m[39m
[35m[HTTP][39m [37m-->[39m [37mGET[39m [37m/wd/hub/session/a186ec44-0516-4e0a-a55f-6d6003fabc24/screenshot[39m
[35m[HTTP][39m [90m{}[39m
[35m[HTTP][39m [37m<-- GET /wd/hub/session/a186ec44-0516-4e0a-a55f-6d6003fabc24/screenshot [39m[32m200[39m [90m636 ms - 75738[39m
[35m[HTTP][39m [90m[39m
[35m[HTTP][39m [37m-->[39m [37mGET[39m [37m/wd/hub/session/a186ec44-0516-4e0a-a55f-6d6003fabc24/context[39m
[35m[HTTP][39m [90m{}[39m
[35m[HTTP][39m [37m<-- GET /wd/hub/session/a186ec44-0516-4e0a-a55f-6d6003fabc24/context [39m[32m200[39m [90m1 ms - 22[39m
[35m[HTTP][39m [90m[39m
[35m[HTTP][39m [37m-->[39m [37mGET[39m [37m/wd/hub/session/a186ec44-0516-4e0a-a55f-6d6003fabc24/contexts[39m
[35m[HTTP][39m [90m{}[39m
[35m[HTTP][39m [37m<-- GET /wd/hub/session/a186ec44-0516-4e0a-a55f-6d6003fabc24/contexts [39m[32m200[39m [90m107 ms - 24[39m
[35m[HTTP][39m [90m[39m
[35m[HTTP][39m [37m-->[39m [37mPOST[39m [37m/wd/hub/session/a186ec44-0516-4e0a-a55f-6d6003fabc24/context[39m
[35m[HTTP][39m [90m{"name":"NATIVE_APP"}[39m
[35m[HTTP][39m [37m<-- POST /wd/hub/session/a186ec44-0516-4e0a-a55f-6d6003fabc24/context [39m[32m200[39m [90m2 ms - 14[39m
[35m[HTTP][39m [90m[39m
[35m[HTTP][39m [37m-->[39m [37mPOST[39m [37m/wd/hub/session/a186ec44-0516-4e0a-a55f-6d6003fabc24/appium/device/press_keycode[39m
[35m[HTTP][39m [90m{"keycode":4}[39m
[35m[HTTP][39m [37m<-- POST /wd/hub/session/a186ec44-0516-4e0a-a55f-6d6003fabc24/appium/device/press_keycode [39m[32m200[39m [90m289 ms - 14[39m
[35m[HTTP][39m [90m[39m
[35m[HTTP][39m [37m-->[39m [37mPOST[39m [37m/wd/hub/session/a186ec44-0516-4e0a-a55f-6d6003fabc24/context[39m
[35m[HTTP][39m [90m{"name":"NATIVE_APP"}[39m
[35m[HTTP][39m [37m<-- POST /wd/hub/session/a186ec44-0516-4e0a-a55f-6d6003fabc24/context [39m[32m200[39m [90m1 ms - 14[39m
[35m[HTTP][39m [90m[39m
[35m[HTTP][39m [37m-->[39m [37mGET[39m [37m/wd/hub/session/a186ec44-0516-4e0a-a55f-6d6003fabc24/source[39m
[35m[HTTP][39m [90m{}[39m
[35m[W3C (a186ec44)][39m Driver proxy active, passing request on via HTTP proxy
[35m[WD Proxy][39m Replacing sessionId 8d1c82b8-c045-45f4-83dc-e0cc18205947 with a186ec44-0516-4e0a-a55f-6d6003fabc24
[35m[HTTP][39m [37m<-- GET /wd/hub/session/a186ec44-0516-4e0a-a55f-6d6003fabc24/source [39m[32m200[39m [90m101 ms - 7652[39m
[35m[HTTP][39m [90m[39m
[35m[HTTP][39m [37m-->[39m [37mGET[39m [37m/wd/hub/session/a186ec44-0516-4e0a-a55f-6d6003fabc24/screenshot[39m
[35m[HTTP][39m [90m{}[39m
[35m[HTTP][39m [37m<-- GET /wd/hub/session/a186ec44-0516-4e0a-a55f-6d6003fabc24/screenshot [39m[32m200[39m [90m630 ms - 102834[39m
[35m[HTTP][39m [90m[39m
[35m[HTTP][39m [37m-->[39m [37mPOST[39m [37m/wd/hub/session/a186ec44-0516-4e0a-a55f-6d6003fabc24/elements[39m
[35m[HTTP][39m [90m{"using":"xpath","value":"//*[@class = 'android.widget.TextView' and (@text = 'Content' or . = 'Content') and @resource-id = 'android:id/text1']"}[39m
[35m[HTTP][39m [37m<-- POST /wd/hub/session/a186ec44-0516-4e0a-a55f-6d6003fabc24/elements [39m[32m200[39m [90m152 ms - 139[39m
[35m[HTTP][39m [90m[39m
[35m[HTTP][39m [37m-->[39m [37mGET[39m [37m/wd/hub/session/a186ec44-0516-4e0a-a55f-6d6003fabc24/window/rect[39m
[35m[HTTP][39m [90m{}[39m
[35m[HTTP][39m [37m<-- GET /wd/hub/session/a186ec44-0516-4e0a-a55f-6d6003fabc24/window/rect [39m[32m200[39m [90m24 ms - 50[39m
[35m[HTTP][39m [90m[39m
[35m[HTTP][39m [37m-->[39m [37mPOST[39m [37m/wd/hub/session/a186ec44-0516-4e0a-a55f-6d6003fabc24/elements[39m
[35m[HTTP][39m [90m{"using":"xpath","value":"//*[@class = 'android.widget.TextView' and (@text = 'Content' or . = 'Content') and @resource-id = 'android:id/text1']"}[39m
[35m[HTTP][39m [37m<-- POST /wd/hub/session/a186ec44-0516-4e0a-a55f-6d6003fabc24/elements [39m[32m200[39m [90m106 ms - 139[39m
[35m[HTTP][39m [90m[39m
[35m[HTTP][39m [37m-->[39m [37mGET[39m [37m/wd/hub/session/a186ec44-0516-4e0a-a55f-6d6003fabc24/element/00000000-0000-2802-ffff-ffff0000000a/location[39m
[35m[HTTP][39m [90m{}[39m
[35m[W3C (a186ec44)][39m Driver proxy active, passing request on via HTTP proxy
[35m[WD Proxy][39m Replacing sessionId 8d1c82b8-c045-45f4-83dc-e0cc18205947 with a186ec44-0516-4e0a-a55f-6d6003fabc24
[35m[HTTP][39m [37m<-- GET /wd/hub/session/a186ec44-0516-4e0a-a55f-6d6003fabc24/element/00000000-0000-2802-ffff-ffff0000000a/location [39m[32m200[39m [90m22 ms - 76[39m
[35m[HTTP][39m [90m[39m
[35m[HTTP][39m [37m-->[39m [37mPOST[39m [37m/wd/hub/session/a186ec44-0516-4e0a-a55f-6d6003fabc24/touch/perform[39m
[35m[HTTP][39m [90m{"actions":[{"action":"tap","options":{"x":1,"y":1,"element":"00000000-0000-2802-ffff-ffff0000000a"}}]}[39m
[35m[UiAutomator2][39m calling get location: 00000000-0000-2802-ffff-ffff0000000a
[35m[HTTP][39m [37m<-- POST /wd/hub/session/a186ec44-0516-4e0a-a55f-6d6003fabc24/touch/perform [39m[32m200[39m [90m847 ms - 14[39m
[35m[HTTP][39m [90m[39m
[35m[HTTP][39m [37m-->[39m [37mGET[39m [37m/wd/hub/session/a186ec44-0516-4e0a-a55f-6d6003fabc24/source[39m
[35m[HTTP][39m [90m{}[39m
[35m[W3C (a186ec44)][39m Driver proxy active, passing request on via HTTP proxy
[35m[WD Proxy][39m Replacing sessionId 8d1c82b8-c045-45f4-83dc-e0cc18205947 with a186ec44-0516-4e0a-a55f-6d6003fabc24
[35m[HTTP][39m [37m<-- GET /wd/hub/session/a186ec44-0516-4e0a-a55f-6d6003fabc24/source [39m[32m200[39m [90m89 ms - 5629[39m
[35m[HTTP][39m [90m[39m
[35m[HTTP][39m [37m-->[39m [37mGET[39m [37m/wd/hub/session/a186ec44-0516-4e0a-a55f-6d6003fabc24/screenshot[39m
[35m[HTTP][39m [90m{}[39m
[35m[HTTP][39m [37m<-- GET /wd/hub/session/a186ec44-0516-4e0a-a55f-6d6003fabc24/screenshot [39m[32m200[39m [90m680 ms - 89508[39m
[35m[HTTP][39m [90m[39m
[35m[HTTP][39m [37m-->[39m [37mGET[39m [37m/wd/hub/session/a186ec44-0516-4e0a-a55f-6d6003fabc24/context[39m
[35m[HTTP][39m [90m{}[39m
[35m[HTTP][39m [37m<-- GET /wd/hub/session/a186ec44-0516-4e0a-a55f-6d6003fabc24/context [39m[32m200[39m [90m1 ms - 22[39m
[35m[HTTP][39m [90m[39m
[35m[HTTP][39m [37m-->[39m [37mGET[39m [37m/wd/hub/session/a186ec44-0516-4e0a-a55f-6d6003fabc24/contexts[39m
[35m[HTTP][39m [90m{}[39m
[35m[HTTP][39m [37m<-- GET /wd/hub/session/a186ec44-0516-4e0a-a55f-6d6003fabc24/contexts [39m[32m200[39m [90m109 ms - 24[39m
[35m[HTTP][39m [90m[39m
[35m[HTTP][39m [37m-->[39m [37mPOST[39m [37m/wd/hub/session/a186ec44-0516-4e0a-a55f-6d6003fabc24/context[39m
[35m[HTTP][39m [90m{"name":"NATIVE_APP"}[39m
[35m[HTTP][39m [37m<-- POST /wd/hub/session/a186ec44-0516-4e0a-a55f-6d6003fabc24/context [39m[32m200[39m [90m3 ms - 14[39m
[35m[HTTP][39m [90m[39m
[35m[HTTP][39m [37m-->[39m [37mPOST[39m [37m/wd/hub/session/a186ec44-0516-4e0a-a55f-6d6003fabc24/appium/device/press_keycode[39m
[35m[HTTP][39m [90m{"keycode":4}[39m
[35m[HTTP][39m [37m<-- POST /wd/hub/session/a186ec44-0516-4e0a-a55f-6d6003fabc24/appium/device/press_keycode [39m[32m200[39m [90m58 ms - 14[39m
[35m[HTTP][39m [90m[39m
[35m[HTTP][39m [37m-->[39m [37mPOST[39m [37m/wd/hub/session/a186ec44-0516-4e0a-a55f-6d6003fabc24/context[39m
[35m[HTTP][39m [90m{"name":"NATIVE_APP"}[39m
[35m[HTTP][39m [37m<-- POST /wd/hub/session/a186ec44-0516-4e0a-a55f-6d6003fabc24/context [39m[32m200[39m [90m2 ms - 14[39m
[35m[HTTP][39m [90m[39m
[35m[HTTP][39m [37m-->[39m [37mGET[39m [37m/wd/hub/session/a186ec44-0516-4e0a-a55f-6d6003fabc24/source[39m
[35m[HTTP][39m [90m{}[39m
[35m[W3C (a186ec44)][39m Driver proxy active, passing request on via HTTP proxy
[35m[WD Proxy][39m Replacing sessionId 8d1c82b8-c045-45f4-83dc-e0cc18205947 with a186ec44-0516-4e0a-a55f-6d6003fabc24
[35m[HTTP][39m [37m<-- GET /wd/hub/session/a186ec44-0516-4e0a-a55f-6d6003fabc24/source [39m[32m200[39m [90m138 ms - 7652[39m
[35m[HTTP][39m [90m[39m
[35m[HTTP][39m [37m-->[39m [37mGET[39m [37m/wd/hub/session/a186ec44-0516-4e0a-a55f-6d6003fabc24/screenshot[39m
[35m[HTTP][39m [90m{}[39m
[35m[HTTP][39m [37m<-- GET /wd/hub/session/a186ec44-0516-4e0a-a55f-6d6003fabc24/screenshot [39m[32m200[39m [90m672 ms - 102834[39m
[35m[HTTP][39m [90m[39m
[35m[HTTP][39m [37m-->[39m [37mDELETE[39m [37m/wd/hub/session/a186ec44-0516-4e0a-a55f-6d6003fabc24[39m
[35m[HTTP][39m [90m{}[39m
[35m[Appium][39m Removing session a186ec44-0516-4e0a-a55f-6d6003fabc24 from our master session list
[35m[UiAutomator2][39m Restoring hidden api policy to the device default configuration
[35m[HTTP][39m [37m<-- DELETE /wd/hub/session/a186ec44-0516-4e0a-a55f-6d6003fabc24 [39m[32m200[39m [90m593 ms - 14[39m
[35m[HTTP][39m [90m[39m
